
These plugins will be installed:

opencode.nvim from https://github.com/nickjvandyke/opencode.nvim

vim.pack: Installing plugins (0/1)
vim.pack: 100% Installing plugins (1/1) - opencode.nvim
The `require('lspconfig')` "framework" is deprecated, use vim.lsp.config (see :help lspconfig-nvim-0.11) instead.
Feature will be removed in nvim-lspconfig v3.0.0
stack traceback:
	...nvim/site/pack/core/opt/nvim-lspconfig/lua/lspconfig.lua:81: in function '__index'
	/home/yandy/.config/nvim/lua/plugins/lsp.lua:10: in function 'config_pyright'
	/home/yandy/.config/nvim/lua/plugins/lsp.lua:234: in function 'setup'
	/home/yandy/.config/nvim/init.lua:15: in main chunk
tsserver is deprecated, use ts_ls instead.
Feature will be removed in nvim-lspconfig 0.2.1
Error in /home/yandy/.config/nvim/init.lua:
E5113: Lua chunk: /home/yandy/.config/nvim/lua/plugins/dap.lua:63: attempt to index global 'dap' (a nil value)
stack traceback:
	/home/yandy/.config/nvim/lua/plugins/dap.lua:63: in function 'config_python'
	/home/yandy/.config/nvim/lua/plugins/dap.lua:341: in function 'setup'
	/home/yandy/.config/nvim/init.lua:16: in main chunk
vim.pack: 100% Installing plugins (1/1)